

Started GET "/" for ::1 at 2016-03-22 18:26:59 -0400
Processing by StaticPagesController#home as HTML
  Rendered static_pages/home.html.erb within layouts/application (11.9ms)
Completed 200 OK in 1164ms (Views: 1139.1ms | ActiveRecord: 0.0ms)


Started GET "/assets/static_pages.self-e3b0c44298fc1c149afbf4c8996fb92427ae41e4649b934ca495991b7852b855.css?body=1" for ::1 at 2016-03-22 18:27:01 -0400


Started GET "/assets/application.self-e80e8f2318043e8af94dddc2adad5a4f09739a8ebb323b3ab31cd71d45fd9113.css?body=1" for ::1 at 2016-03-22 18:27:01 -0400


Started GET "/assets/jquery_ujs.self-e87806d0cf4489aeb1bb7288016024e8de67fd18db693fe026fe3907581e53cd.js?body=1" for ::1 at 2016-03-22 18:27:01 -0400


Started GET "/assets/jquery.self-660adc51e0224b731d29f575a6f1ec167ba08ad06ed5deca4f1e8654c135bf4c.js?body=1" for ::1 at 2016-03-22 18:27:01 -0400


Started GET "/assets/turbolinks.self-c37727e9bd6b2735da5c311aa83fead54ed0be6cc8bd9a65309e9c5abe2cbfff.js?body=1" for ::1 at 2016-03-22 18:27:01 -0400


Started GET "/assets/static_pages.self-877aef30ae1b040ab8a3aba4e3e309a11d7f2612f44dde450b5c157aa5f95c05.js?body=1" for ::1 at 2016-03-22 18:27:01 -0400


Started GET "/assets/application.self-3b8dabdc891efe46b9a144b400ad69e37d7e5876bdc39dee783419a69d7ca819.js?body=1" for ::1 at 2016-03-22 18:27:01 -0400


Started GET "/apple-touch-icon-precomposed.png" for ::1 at 2016-03-22 18:27:01 -0400

ActionController::RoutingError (No route matches [GET] "/apple-touch-icon-precomposed.png"):
  actionpack (4.2.5.1) lib/action_dispatch/middleware/debug_exceptions.rb:21:in `call'
  web-console (2.3.0) lib/web_console/middleware.rb:28:in `block in call'
  web-console (2.3.0) lib/web_console/middleware.rb:18:in `catch'
  web-console (2.3.0) lib/web_console/middleware.rb:18:in `call'
  actionpack (4.2.5.1) lib/action_dispatch/middleware/show_exceptions.rb:30:in `call'
  railties (4.2.5.1) lib/rails/rack/logger.rb:38:in `call_app'
  railties (4.2.5.1) lib/rails/rack/logger.rb:20:in `block in call'
  activesupport (4.2.5.1) lib/active_support/tagged_logging.rb:68:in `block in tagged'
  activesupport (4.2.5.1) lib/active_support/tagged_logging.rb:26:in `tagged'
  activesupport (4.2.5.1) lib/active_support/tagged_logging.rb:68:in `tagged'
  railties (4.2.5.1) lib/rails/rack/logger.rb:20:in `call'
  actionpack (4.2.5.1) lib/action_dispatch/middleware/request_id.rb:21:in `call'
  rack (1.6.4) lib/rack/methodoverride.rb:22:in `call'
  rack (1.6.4) lib/rack/runtime.rb:18:in `call'
  activesupport (4.2.5.1) lib/active_support/cache/strategy/local_cache_middleware.rb:28:in `call'
  rack (1.6.4) lib/rack/lock.rb:17:in `call'
  actionpack (4.2.5.1) lib/action_dispatch/middleware/static.rb:116:in `call'
  rack (1.6.4) lib/rack/sendfile.rb:113:in `call'
  railties (4.2.5.1) lib/rails/engine.rb:518:in `call'
  railties (4.2.5.1) lib/rails/application.rb:165:in `call'
  rack (1.6.4) lib/rack/lock.rb:17:in `call'
  rack (1.6.4) lib/rack/content_length.rb:15:in `call'
  rack (1.6.4) lib/rack/handler/webrick.rb:88:in `service'
  /Users/joannasuchta/.rvm/rubies/ruby-2.2.1/lib/ruby/2.2.0/webrick/httpserver.rb:138:in `service'
  /Users/joannasuchta/.rvm/rubies/ruby-2.2.1/lib/ruby/2.2.0/webrick/httpserver.rb:94:in `run'
  /Users/joannasuchta/.rvm/rubies/ruby-2.2.1/lib/ruby/2.2.0/webrick/server.rb:294:in `block in start_thread'


  Rendered /Users/joannasuchta/.rvm/gems/ruby-2.2.1@global/gems/actionpack-4.2.5.1/lib/action_dispatch/middleware/templates/rescues/_trace.html.erb (2.4ms)
  Rendered /Users/joannasuchta/.rvm/gems/ruby-2.2.1@global/gems/actionpack-4.2.5.1/lib/action_dispatch/middleware/templates/routes/_route.html.erb (1.6ms)
  Rendered /Users/joannasuchta/.rvm/gems/ruby-2.2.1@global/gems/actionpack-4.2.5.1/lib/action_dispatch/middleware/templates/routes/_table.html.erb (42.9ms)
  Rendered /Users/joannasuchta/.rvm/gems/ruby-2.2.1@global/gems/actionpack-4.2.5.1/lib/action_dispatch/middleware/templates/rescues/_request_and_response.html.erb (3.8ms)
  Rendered /Users/joannasuchta/.rvm/gems/ruby-2.2.1@global/gems/actionpack-4.2.5.1/lib/action_dispatch/middleware/templates/rescues/routing_error.html.erb within rescues/layout (186.5ms)
  Rendered /Users/joannasuchta/.rvm/gems/ruby-2.2.1/gems/web-console-2.3.0/lib/web_console/templates/_markup.html.erb (1.3ms)
  Rendered /Users/joannasuchta/.rvm/gems/ruby-2.2.1/gems/web-console-2.3.0/lib/web_console/templates/_inner_console_markup.html.erb within layouts/inlined_string (1.2ms)
  Rendered /Users/joannasuchta/.rvm/gems/ruby-2.2.1/gems/web-console-2.3.0/lib/web_console/templates/_prompt_box_markup.html.erb within layouts/inlined_string (0.5ms)
  Rendered /Users/joannasuchta/.rvm/gems/ruby-2.2.1/gems/web-console-2.3.0/lib/web_console/templates/style.css.erb within layouts/inlined_string (0.5ms)
  Rendered /Users/joannasuchta/.rvm/gems/ruby-2.2.1/gems/web-console-2.3.0/lib/web_console/templates/console.js.erb within layouts/javascript (140.1ms)
  Rendered /Users/joannasuchta/.rvm/gems/ruby-2.2.1/gems/web-console-2.3.0/lib/web_console/templates/main.js.erb within layouts/javascript (0.4ms)
  Rendered /Users/joannasuchta/.rvm/gems/ruby-2.2.1/gems/web-console-2.3.0/lib/web_console/templates/error_page.js.erb within layouts/javascript (0.4ms)
  Rendered /Users/joannasuchta/.rvm/gems/ruby-2.2.1/gems/web-console-2.3.0/lib/web_console/templates/index.html.erb (228.9ms)


Started GET "/apple-touch-icon.png" for ::1 at 2016-03-22 18:27:02 -0400

ActionController::RoutingError (No route matches [GET] "/apple-touch-icon.png"):
  actionpack (4.2.5.1) lib/action_dispatch/middleware/debug_exceptions.rb:21:in `call'
  web-console (2.3.0) lib/web_console/middleware.rb:28:in `block in call'
  web-console (2.3.0) lib/web_console/middleware.rb:18:in `catch'
  web-console (2.3.0) lib/web_console/middleware.rb:18:in `call'
  actionpack (4.2.5.1) lib/action_dispatch/middleware/show_exceptions.rb:30:in `call'
  railties (4.2.5.1) lib/rails/rack/logger.rb:38:in `call_app'
  railties (4.2.5.1) lib/rails/rack/logger.rb:20:in `block in call'
  activesupport (4.2.5.1) lib/active_support/tagged_logging.rb:68:in `block in tagged'
  activesupport (4.2.5.1) lib/active_support/tagged_logging.rb:26:in `tagged'
  activesupport (4.2.5.1) lib/active_support/tagged_logging.rb:68:in `tagged'
  railties (4.2.5.1) lib/rails/rack/logger.rb:20:in `call'
  actionpack (4.2.5.1) lib/action_dispatch/middleware/request_id.rb:21:in `call'
  rack (1.6.4) lib/rack/methodoverride.rb:22:in `call'
  rack (1.6.4) lib/rack/runtime.rb:18:in `call'
  activesupport (4.2.5.1) lib/active_support/cache/strategy/local_cache_middleware.rb:28:in `call'
  rack (1.6.4) lib/rack/lock.rb:17:in `call'
  actionpack (4.2.5.1) lib/action_dispatch/middleware/static.rb:116:in `call'
  rack (1.6.4) lib/rack/sendfile.rb:113:in `call'
  railties (4.2.5.1) lib/rails/engine.rb:518:in `call'
  railties (4.2.5.1) lib/rails/application.rb:165:in `call'
  rack (1.6.4) lib/rack/lock.rb:17:in `call'
  rack (1.6.4) lib/rack/content_length.rb:15:in `call'
  rack (1.6.4) lib/rack/handler/webrick.rb:88:in `service'
  /Users/joannasuchta/.rvm/rubies/ruby-2.2.1/lib/ruby/2.2.0/webrick/httpserver.rb:138:in `service'
  /Users/joannasuchta/.rvm/rubies/ruby-2.2.1/lib/ruby/2.2.0/webrick/httpserver.rb:94:in `run'
  /Users/joannasuchta/.rvm/rubies/ruby-2.2.1/lib/ruby/2.2.0/webrick/server.rb:294:in `block in start_thread'


  Rendered /Users/joannasuchta/.rvm/gems/ruby-2.2.1@global/gems/actionpack-4.2.5.1/lib/action_dispatch/middleware/templates/rescues/_trace.html.erb (1.6ms)
  Rendered /Users/joannasuchta/.rvm/gems/ruby-2.2.1@global/gems/actionpack-4.2.5.1/lib/action_dispatch/middleware/templates/routes/_route.html.erb (0.9ms)
  Rendered /Users/joannasuchta/.rvm/gems/ruby-2.2.1@global/gems/actionpack-4.2.5.1/lib/action_dispatch/middleware/templates/routes/_table.html.erb (1.4ms)
  Rendered /Users/joannasuchta/.rvm/gems/ruby-2.2.1@global/gems/actionpack-4.2.5.1/lib/action_dispatch/middleware/templates/rescues/_request_and_response.html.erb (1.1ms)
  Rendered /Users/joannasuchta/.rvm/gems/ruby-2.2.1@global/gems/actionpack-4.2.5.1/lib/action_dispatch/middleware/templates/rescues/routing_error.html.erb within rescues/layout (111.4ms)
  Rendered /Users/joannasuchta/.rvm/gems/ruby-2.2.1/gems/web-console-2.3.0/lib/web_console/templates/_markup.html.erb (0.4ms)
  Rendered /Users/joannasuchta/.rvm/gems/ruby-2.2.1/gems/web-console-2.3.0/lib/web_console/templates/_inner_console_markup.html.erb within layouts/inlined_string (0.9ms)
  Rendered /Users/joannasuchta/.rvm/gems/ruby-2.2.1/gems/web-console-2.3.0/lib/web_console/templates/_prompt_box_markup.html.erb within layouts/inlined_string (0.3ms)
  Rendered /Users/joannasuchta/.rvm/gems/ruby-2.2.1/gems/web-console-2.3.0/lib/web_console/templates/style.css.erb within layouts/inlined_string (0.4ms)
  Rendered /Users/joannasuchta/.rvm/gems/ruby-2.2.1/gems/web-console-2.3.0/lib/web_console/templates/console.js.erb within layouts/javascript (66.8ms)
  Rendered /Users/joannasuchta/.rvm/gems/ruby-2.2.1/gems/web-console-2.3.0/lib/web_console/templates/main.js.erb within layouts/javascript (0.3ms)
  Rendered /Users/joannasuchta/.rvm/gems/ruby-2.2.1/gems/web-console-2.3.0/lib/web_console/templates/error_page.js.erb within layouts/javascript (0.4ms)
  Rendered /Users/joannasuchta/.rvm/gems/ruby-2.2.1/gems/web-console-2.3.0/lib/web_console/templates/index.html.erb (147.4ms)


Started GET "/" for ::1 at 2016-03-22 23:50:04 -0400
Processing by StaticPagesController#home as HTML
  Rendered static_pages/home.html.erb within layouts/application (14.8ms)
Completed 200 OK in 1209ms (Views: 1194.1ms | ActiveRecord: 0.0ms)


Started GET "/assets/static_pages.self-e3b0c44298fc1c149afbf4c8996fb92427ae41e4649b934ca495991b7852b855.css?body=1" for ::1 at 2016-03-22 23:50:06 -0400


Started GET "/assets/application.self-e80e8f2318043e8af94dddc2adad5a4f09739a8ebb323b3ab31cd71d45fd9113.css?body=1" for ::1 at 2016-03-22 23:50:06 -0400


Started GET "/assets/application.self-3b8dabdc891efe46b9a144b400ad69e37d7e5876bdc39dee783419a69d7ca819.js?body=1" for ::1 at 2016-03-22 23:50:06 -0400


Started GET "/assets/turbolinks.self-c37727e9bd6b2735da5c311aa83fead54ed0be6cc8bd9a65309e9c5abe2cbfff.js?body=1" for ::1 at 2016-03-22 23:50:06 -0400


Started GET "/assets/static_pages.self-877aef30ae1b040ab8a3aba4e3e309a11d7f2612f44dde450b5c157aa5f95c05.js?body=1" for ::1 at 2016-03-22 23:50:06 -0400


Started GET "/assets/jquery.self-660adc51e0224b731d29f575a6f1ec167ba08ad06ed5deca4f1e8654c135bf4c.js?body=1" for ::1 at 2016-03-22 23:50:06 -0400


Started GET "/assets/jquery_ujs.self-e87806d0cf4489aeb1bb7288016024e8de67fd18db693fe026fe3907581e53cd.js?body=1" for ::1 at 2016-03-22 23:50:06 -0400


Started GET "/" for ::1 at 2016-03-23 00:00:08 -0400
Processing by StaticPagesController#home as HTML
  Rendered static_pages/home.html.erb within layouts/application (674.8ms)
Completed 200 OK in 902ms (Views: 895.9ms | ActiveRecord: 0.0ms)


Started GET "/assets/glanc-3f7587c60f341f9e8dc639deb9856c8356b3ebb0c8b82b96e5052831167a9e21.png" for ::1 at 2016-03-23 00:00:09 -0400


Started GET "/" for ::1 at 2016-03-23 00:07:28 -0400
Processing by StaticPagesController#home as HTML
  Rendered static_pages/home.html.erb within layouts/application (554.6ms)
Completed 500 Internal Server Error in 618ms (ActiveRecord: 0.0ms)

ActionView::Template::Error (File to import not found or unreadable: bootstrap-sprockets.
Load paths:
  /Users/joannasuchta/Desktop/glanc_app/glanc_app/app/assets/images
  /Users/joannasuchta/Desktop/glanc_app/glanc_app/app/assets/javascripts
  /Users/joannasuchta/Desktop/glanc_app/glanc_app/app/assets/stylesheets
  /Users/joannasuchta/Desktop/glanc_app/glanc_app/vendor/assets/javascripts
  /Users/joannasuchta/Desktop/glanc_app/glanc_app/vendor/assets/stylesheets
  /Users/joannasuchta/.rvm/gems/ruby-2.2.1/gems/turbolinks-2.5.3/lib/assets/javascripts
  /Users/joannasuchta/.rvm/gems/ruby-2.2.1/gems/jquery-rails-4.1.1/vendor/assets/javascripts
  /Users/joannasuchta/.rvm/gems/ruby-2.2.1/gems/coffee-rails-4.1.1/lib/assets/javascripts):
     9:   <%= link_to "Sign up now!", '#', class: "btn btn-lg btn-primary" %>
    10: </div>
    11: 
    12: <%= link_to image_tag("glanc.png", alt: "Glanc Logo"),
    13:             'www.google.com' %>
    14:     
  app/assets/stylesheets/custom.css.scss:1
  app/views/static_pages/home.html.erb:12:in `_app_views_static_pages_home_html_erb__3574903251802130363_70330295357020'


  Rendered /Users/joannasuchta/.rvm/gems/ruby-2.2.1@global/gems/actionpack-4.2.5.1/lib/action_dispatch/middleware/templates/rescues/_source.erb (12.3ms)
  Rendered /Users/joannasuchta/.rvm/gems/ruby-2.2.1@global/gems/actionpack-4.2.5.1/lib/action_dispatch/middleware/templates/rescues/_trace.html.erb (4.3ms)
  Rendered /Users/joannasuchta/.rvm/gems/ruby-2.2.1@global/gems/actionpack-4.2.5.1/lib/action_dispatch/middleware/templates/rescues/_request_and_response.html.erb (1.0ms)
  Rendered /Users/joannasuchta/.rvm/gems/ruby-2.2.1@global/gems/actionpack-4.2.5.1/lib/action_dispatch/middleware/templates/rescues/template_error.html.erb within rescues/layout (96.2ms)
  Rendered /Users/joannasuchta/.rvm/gems/ruby-2.2.1/gems/web-console-2.3.0/lib/web_console/templates/_markup.html.erb (0.4ms)
  Rendered /Users/joannasuchta/.rvm/gems/ruby-2.2.1/gems/web-console-2.3.0/lib/web_console/templates/_inner_console_markup.html.erb within layouts/inlined_string (0.4ms)
  Rendered /Users/joannasuchta/.rvm/gems/ruby-2.2.1/gems/web-console-2.3.0/lib/web_console/templates/_prompt_box_markup.html.erb within layouts/inlined_string (0.5ms)
  Rendered /Users/joannasuchta/.rvm/gems/ruby-2.2.1/gems/web-console-2.3.0/lib/web_console/templates/style.css.erb within layouts/inlined_string (0.4ms)
  Rendered /Users/joannasuchta/.rvm/gems/ruby-2.2.1/gems/web-console-2.3.0/lib/web_console/templates/console.js.erb within layouts/javascript (207.8ms)
  Rendered /Users/joannasuchta/.rvm/gems/ruby-2.2.1/gems/web-console-2.3.0/lib/web_console/templates/main.js.erb within layouts/javascript (0.3ms)
  Rendered /Users/joannasuchta/.rvm/gems/ruby-2.2.1/gems/web-console-2.3.0/lib/web_console/templates/error_page.js.erb within layouts/javascript (0.6ms)
  Rendered /Users/joannasuchta/.rvm/gems/ruby-2.2.1/gems/web-console-2.3.0/lib/web_console/templates/index.html.erb (302.8ms)


Started GET "/" for ::1 at 2016-03-23 00:07:33 -0400
Processing by StaticPagesController#home as HTML
  Rendered static_pages/home.html.erb within layouts/application (27.9ms)
Completed 500 Internal Server Error in 32ms (ActiveRecord: 0.0ms)

ActionView::Template::Error (File to import not found or unreadable: bootstrap-sprockets.
Load paths:
  /Users/joannasuchta/Desktop/glanc_app/glanc_app/app/assets/images
  /Users/joannasuchta/Desktop/glanc_app/glanc_app/app/assets/javascripts
  /Users/joannasuchta/Desktop/glanc_app/glanc_app/app/assets/stylesheets
  /Users/joannasuchta/Desktop/glanc_app/glanc_app/vendor/assets/javascripts
  /Users/joannasuchta/Desktop/glanc_app/glanc_app/vendor/assets/stylesheets
  /Users/joannasuchta/.rvm/gems/ruby-2.2.1/gems/turbolinks-2.5.3/lib/assets/javascripts
  /Users/joannasuchta/.rvm/gems/ruby-2.2.1/gems/jquery-rails-4.1.1/vendor/assets/javascripts
  /Users/joannasuchta/.rvm/gems/ruby-2.2.1/gems/coffee-rails-4.1.1/lib/assets/javascripts):
     9:   <%= link_to "Sign up now!", '#', class: "btn btn-lg btn-primary" %>
    10: </div>
    11: 
    12: <%= link_to image_tag("glanc.png", alt: "Glanc Logo"),
    13:             'www.google.com' %>
    14:     
  app/assets/stylesheets/custom.css.scss:1
  app/views/static_pages/home.html.erb:12:in `_app_views_static_pages_home_html_erb__3574903251802130363_70330295357020'


  Rendered /Users/joannasuchta/.rvm/gems/ruby-2.2.1@global/gems/actionpack-4.2.5.1/lib/action_dispatch/middleware/templates/rescues/_source.erb (15.3ms)
  Rendered /Users/joannasuchta/.rvm/gems/ruby-2.2.1@global/gems/actionpack-4.2.5.1/lib/action_dispatch/middleware/templates/rescues/_trace.html.erb (4.8ms)
  Rendered /Users/joannasuchta/.rvm/gems/ruby-2.2.1@global/gems/actionpack-4.2.5.1/lib/action_dispatch/middleware/templates/rescues/_request_and_response.html.erb (1.2ms)
  Rendered /Users/joannasuchta/.rvm/gems/ruby-2.2.1@global/gems/actionpack-4.2.5.1/lib/action_dispatch/middleware/templates/rescues/template_error.html.erb within rescues/layout (116.0ms)
  Rendered /Users/joannasuchta/.rvm/gems/ruby-2.2.1/gems/web-console-2.3.0/lib/web_console/templates/_markup.html.erb (0.4ms)
  Rendered /Users/joannasuchta/.rvm/gems/ruby-2.2.1/gems/web-console-2.3.0/lib/web_console/templates/_inner_console_markup.html.erb within layouts/inlined_string (0.4ms)
  Rendered /Users/joannasuchta/.rvm/gems/ruby-2.2.1/gems/web-console-2.3.0/lib/web_console/templates/_prompt_box_markup.html.erb within layouts/inlined_string (0.7ms)
  Rendered /Users/joannasuchta/.rvm/gems/ruby-2.2.1/gems/web-console-2.3.0/lib/web_console/templates/style.css.erb within layouts/inlined_string (0.7ms)
  Rendered /Users/joannasuchta/.rvm/gems/ruby-2.2.1/gems/web-console-2.3.0/lib/web_console/templates/console.js.erb within layouts/javascript (62.9ms)
  Rendered /Users/joannasuchta/.rvm/gems/ruby-2.2.1/gems/web-console-2.3.0/lib/web_console/templates/main.js.erb within layouts/javascript (0.4ms)
  Rendered /Users/joannasuchta/.rvm/gems/ruby-2.2.1/gems/web-console-2.3.0/lib/web_console/templates/error_page.js.erb within layouts/javascript (0.4ms)
  Rendered /Users/joannasuchta/.rvm/gems/ruby-2.2.1/gems/web-console-2.3.0/lib/web_console/templates/index.html.erb (139.7ms)


Started GET "/" for ::1 at 2016-03-23 00:07:52 -0400
Processing by StaticPagesController#home as HTML
  Rendered static_pages/home.html.erb within layouts/application (25.7ms)
Completed 500 Internal Server Error in 30ms (ActiveRecord: 0.0ms)

ActionView::Template::Error (File to import not found or unreadable: bootstrap-sprockets.
Load paths:
  /Users/joannasuchta/Desktop/glanc_app/glanc_app/app/assets/images
  /Users/joannasuchta/Desktop/glanc_app/glanc_app/app/assets/javascripts
  /Users/joannasuchta/Desktop/glanc_app/glanc_app/app/assets/stylesheets
  /Users/joannasuchta/Desktop/glanc_app/glanc_app/vendor/assets/javascripts
  /Users/joannasuchta/Desktop/glanc_app/glanc_app/vendor/assets/stylesheets
  /Users/joannasuchta/.rvm/gems/ruby-2.2.1/gems/turbolinks-2.5.3/lib/assets/javascripts
  /Users/joannasuchta/.rvm/gems/ruby-2.2.1/gems/jquery-rails-4.1.1/vendor/assets/javascripts
  /Users/joannasuchta/.rvm/gems/ruby-2.2.1/gems/coffee-rails-4.1.1/lib/assets/javascripts):
     9:   <%= link_to "Sign up now!", '#', class: "btn btn-lg btn-primary" %>
    10: </div>
    11: 
    12: <%= link_to image_tag("glanc.png", alt: "Glanc Logo"),
    13:             'www.google.com' %>
    14:     
  app/assets/stylesheets/custom.css.scss:1
  app/views/static_pages/home.html.erb:12:in `_app_views_static_pages_home_html_erb__3574903251802130363_70330295357020'


  Rendered /Users/joannasuchta/.rvm/gems/ruby-2.2.1@global/gems/actionpack-4.2.5.1/lib/action_dispatch/middleware/templates/rescues/_source.erb (22.0ms)
  Rendered /Users/joannasuchta/.rvm/gems/ruby-2.2.1@global/gems/actionpack-4.2.5.1/lib/action_dispatch/middleware/templates/rescues/_trace.html.erb (6.0ms)
  Rendered /Users/joannasuchta/.rvm/gems/ruby-2.2.1@global/gems/actionpack-4.2.5.1/lib/action_dispatch/middleware/templates/rescues/_request_and_response.html.erb (1.0ms)
  Rendered /Users/joannasuchta/.rvm/gems/ruby-2.2.1@global/gems/actionpack-4.2.5.1/lib/action_dispatch/middleware/templates/rescues/template_error.html.erb within rescues/layout (110.1ms)
  Rendered /Users/joannasuchta/.rvm/gems/ruby-2.2.1/gems/web-console-2.3.0/lib/web_console/templates/_markup.html.erb (0.6ms)
  Rendered /Users/joannasuchta/.rvm/gems/ruby-2.2.1/gems/web-console-2.3.0/lib/web_console/templates/_inner_console_markup.html.erb within layouts/inlined_string (0.3ms)
  Rendered /Users/joannasuchta/.rvm/gems/ruby-2.2.1/gems/web-console-2.3.0/lib/web_console/templates/_prompt_box_markup.html.erb within layouts/inlined_string (0.3ms)
  Rendered /Users/joannasuchta/.rvm/gems/ruby-2.2.1/gems/web-console-2.3.0/lib/web_console/templates/style.css.erb within layouts/inlined_string (0.5ms)
  Rendered /Users/joannasuchta/.rvm/gems/ruby-2.2.1/gems/web-console-2.3.0/lib/web_console/templates/console.js.erb within layouts/javascript (58.8ms)
  Rendered /Users/joannasuchta/.rvm/gems/ruby-2.2.1/gems/web-console-2.3.0/lib/web_console/templates/main.js.erb within layouts/javascript (0.4ms)
  Rendered /Users/joannasuchta/.rvm/gems/ruby-2.2.1/gems/web-console-2.3.0/lib/web_console/templates/error_page.js.erb within layouts/javascript (0.4ms)
  Rendered /Users/joannasuchta/.rvm/gems/ruby-2.2.1/gems/web-console-2.3.0/lib/web_console/templates/index.html.erb (147.7ms)


Started GET "/" for ::1 at 2016-03-23 00:09:31 -0400
Processing by StaticPagesController#home as HTML
  Rendered static_pages/home.html.erb within layouts/application (231.1ms)
Completed 500 Internal Server Error in 263ms (ActiveRecord: 0.0ms)

ActionView::Template::Error (File to import not found or unreadable: bootstrap-sprockets.
Load paths:
  /Users/joannasuchta/Desktop/glanc_app/glanc_app/app/assets/images
  /Users/joannasuchta/Desktop/glanc_app/glanc_app/app/assets/javascripts
  /Users/joannasuchta/Desktop/glanc_app/glanc_app/app/assets/stylesheets
  /Users/joannasuchta/Desktop/glanc_app/glanc_app/vendor/assets/javascripts
  /Users/joannasuchta/Desktop/glanc_app/glanc_app/vendor/assets/stylesheets
  /Users/joannasuchta/.rvm/gems/ruby-2.2.1/gems/turbolinks-2.5.3/lib/assets/javascripts
  /Users/joannasuchta/.rvm/gems/ruby-2.2.1/gems/jquery-rails-4.1.1/vendor/assets/javascripts
  /Users/joannasuchta/.rvm/gems/ruby-2.2.1/gems/coffee-rails-4.1.1/lib/assets/javascripts):
     9:   <%= link_to "Sign up now!", '#', class: "btn btn-lg btn-primary" %>
    10: </div>
    11: 
    12: <%= link_to image_tag("glanc.png", alt: "Glanc Logo"),
    13:             'www.google.com' %>
    14:     
  app/assets/stylesheets/custom.css.scss:1
  app/views/static_pages/home.html.erb:12:in `_app_views_static_pages_home_html_erb___381249908252708691_70249217787520'


  Rendered /Users/joannasuchta/.rvm/gems/ruby-2.2.1@global/gems/actionpack-4.2.5.1/lib/action_dispatch/middleware/templates/rescues/_source.erb (12.4ms)
  Rendered /Users/joannasuchta/.rvm/gems/ruby-2.2.1@global/gems/actionpack-4.2.5.1/lib/action_dispatch/middleware/templates/rescues/_trace.html.erb (4.2ms)
  Rendered /Users/joannasuchta/.rvm/gems/ruby-2.2.1@global/gems/actionpack-4.2.5.1/lib/action_dispatch/middleware/templates/rescues/_request_and_response.html.erb (0.9ms)
  Rendered /Users/joannasuchta/.rvm/gems/ruby-2.2.1@global/gems/actionpack-4.2.5.1/lib/action_dispatch/middleware/templates/rescues/template_error.html.erb within rescues/layout (110.0ms)
  Rendered /Users/joannasuchta/.rvm/gems/ruby-2.2.1/gems/web-console-2.3.0/lib/web_console/templates/_markup.html.erb (0.4ms)
  Rendered /Users/joannasuchta/.rvm/gems/ruby-2.2.1/gems/web-console-2.3.0/lib/web_console/templates/_inner_console_markup.html.erb within layouts/inlined_string (0.3ms)
  Rendered /Users/joannasuchta/.rvm/gems/ruby-2.2.1/gems/web-console-2.3.0/lib/web_console/templates/_prompt_box_markup.html.erb within layouts/inlined_string (0.3ms)
  Rendered /Users/joannasuchta/.rvm/gems/ruby-2.2.1/gems/web-console-2.3.0/lib/web_console/templates/style.css.erb within layouts/inlined_string (0.4ms)
  Rendered /Users/joannasuchta/.rvm/gems/ruby-2.2.1/gems/web-console-2.3.0/lib/web_console/templates/console.js.erb within layouts/javascript (68.2ms)
  Rendered /Users/joannasuchta/.rvm/gems/ruby-2.2.1/gems/web-console-2.3.0/lib/web_console/templates/main.js.erb within layouts/javascript (0.3ms)
  Rendered /Users/joannasuchta/.rvm/gems/ruby-2.2.1/gems/web-console-2.3.0/lib/web_console/templates/error_page.js.erb within layouts/javascript (0.4ms)
  Rendered /Users/joannasuchta/.rvm/gems/ruby-2.2.1/gems/web-console-2.3.0/lib/web_console/templates/index.html.erb (154.1ms)


Started GET "/" for ::1 at 2016-03-23 00:10:57 -0400
Processing by StaticPagesController#home as HTML
  Rendered static_pages/home.html.erb within layouts/application (239.3ms)
Completed 500 Internal Server Error in 261ms (ActiveRecord: 0.0ms)

ActionView::Template::Error (File to import not found or unreadable: bootstrap-sprockets.
Load paths:
  /Users/joannasuchta/Desktop/glanc_app/glanc_app/app/assets/images
  /Users/joannasuchta/Desktop/glanc_app/glanc_app/app/assets/javascripts
  /Users/joannasuchta/Desktop/glanc_app/glanc_app/app/assets/stylesheets
  /Users/joannasuchta/Desktop/glanc_app/glanc_app/vendor/assets/javascripts
  /Users/joannasuchta/Desktop/glanc_app/glanc_app/vendor/assets/stylesheets
  /Users/joannasuchta/.rvm/gems/ruby-2.2.1/gems/turbolinks-2.5.3/lib/assets/javascripts
  /Users/joannasuchta/.rvm/gems/ruby-2.2.1/gems/jquery-rails-4.1.1/vendor/assets/javascripts
  /Users/joannasuchta/.rvm/gems/ruby-2.2.1/gems/coffee-rails-4.1.1/lib/assets/javascripts):
     9:   <%= link_to "Sign up now!", '#', class: "btn btn-lg btn-primary" %>
    10: </div>
    11: 
    12: <%= link_to image_tag("glanc.png", alt: "Glanc Logo"),
    13:             'www.google.com' %>
    14:     
  app/assets/stylesheets/custom.css.scss:1
  app/views/static_pages/home.html.erb:12:in `_app_views_static_pages_home_html_erb___1539476938414306987_70355422988320'


  Rendered /Users/joannasuchta/.rvm/gems/ruby-2.2.1@global/gems/actionpack-4.2.5.1/lib/action_dispatch/middleware/templates/rescues/_source.erb (11.9ms)
  Rendered /Users/joannasuchta/.rvm/gems/ruby-2.2.1@global/gems/actionpack-4.2.5.1/lib/action_dispatch/middleware/templates/rescues/_trace.html.erb (6.7ms)
  Rendered /Users/joannasuchta/.rvm/gems/ruby-2.2.1@global/gems/actionpack-4.2.5.1/lib/action_dispatch/middleware/templates/rescues/_request_and_response.html.erb (1.0ms)
  Rendered /Users/joannasuchta/.rvm/gems/ruby-2.2.1@global/gems/actionpack-4.2.5.1/lib/action_dispatch/middleware/templates/rescues/template_error.html.erb within rescues/layout (104.7ms)
  Rendered /Users/joannasuchta/.rvm/gems/ruby-2.2.1/gems/web-console-2.3.0/lib/web_console/templates/_markup.html.erb (0.5ms)
  Rendered /Users/joannasuchta/.rvm/gems/ruby-2.2.1/gems/web-console-2.3.0/lib/web_console/templates/_inner_console_markup.html.erb within layouts/inlined_string (0.4ms)
  Rendered /Users/joannasuchta/.rvm/gems/ruby-2.2.1/gems/web-console-2.3.0/lib/web_console/templates/_prompt_box_markup.html.erb within layouts/inlined_string (0.3ms)
  Rendered /Users/joannasuchta/.rvm/gems/ruby-2.2.1/gems/web-console-2.3.0/lib/web_console/templates/style.css.erb within layouts/inlined_string (0.4ms)
  Rendered /Users/joannasuchta/.rvm/gems/ruby-2.2.1/gems/web-console-2.3.0/lib/web_console/templates/console.js.erb within layouts/javascript (79.2ms)
  Rendered /Users/joannasuchta/.rvm/gems/ruby-2.2.1/gems/web-console-2.3.0/lib/web_console/templates/main.js.erb within layouts/javascript (0.4ms)
  Rendered /Users/joannasuchta/.rvm/gems/ruby-2.2.1/gems/web-console-2.3.0/lib/web_console/templates/error_page.js.erb within layouts/javascript (0.4ms)
  Rendered /Users/joannasuchta/.rvm/gems/ruby-2.2.1/gems/web-console-2.3.0/lib/web_console/templates/index.html.erb (171.2ms)


Started POST "/__web_console/repl_sessions/f4a06e4fa21c3c382a14bd9429cb6362/trace" for ::1 at 2016-03-23 00:11:15 -0400


Started GET "/" for ::1 at 2016-03-23 00:12:26 -0400
Processing by StaticPagesController#home as HTML
  Rendered static_pages/home.html.erb within layouts/application (247.6ms)
Completed 200 OK in 339ms (Views: 325.1ms | ActiveRecord: 0.0ms)


Started GET "/assets/static_pages.self-e3b0c44298fc1c149afbf4c8996fb92427ae41e4649b934ca495991b7852b855.css?body=1" for ::1 at 2016-03-23 00:12:26 -0400


Started GET "/assets/jquery.self-660adc51e0224b731d29f575a6f1ec167ba08ad06ed5deca4f1e8654c135bf4c.js?body=1" for ::1 at 2016-03-23 00:12:26 -0400


Started GET "/" for ::1 at 2016-03-23 00:15:36 -0400
Processing by StaticPagesController#home as HTML
  Rendered static_pages/home.html.erb within layouts/application (5277.0ms)
Completed 200 OK in 5468ms (Views: 5457.4ms | ActiveRecord: 0.0ms)


Started GET "/assets/custom.self-bbce8dafd3fd830c232c42b79173a2e8de1158a891ee43667cb8dbe799ced149.css?body=1" for ::1 at 2016-03-23 00:15:42 -0400


Started GET "/" for ::1 at 2016-03-23 00:17:15 -0400
Processing by StaticPagesController#home as HTML
  Rendered static_pages/home.html.erb within layouts/application (2460.3ms)
Completed 200 OK in 2579ms (Views: 2568.2ms | ActiveRecord: 0.0ms)


Started GET "/assets/custom.self-b462bd70a6c4e659ee5912780984d2778b1eb4adf513a3916eb894718ebbc98a.css?body=1" for ::1 at 2016-03-23 00:17:18 -0400


Started GET "/assets/static_pages.self-e3b0c44298fc1c149afbf4c8996fb92427ae41e4649b934ca495991b7852b855.css?body=1" for ::1 at 2016-03-23 00:17:18 -0400


Started GET "/assets/jquery.self-660adc51e0224b731d29f575a6f1ec167ba08ad06ed5deca4f1e8654c135bf4c.js?body=1" for ::1 at 2016-03-23 00:17:18 -0400


Started GET "/" for ::1 at 2016-03-23 00:19:03 -0400
Processing by StaticPagesController#home as HTML
  Rendered static_pages/home.html.erb within layouts/application (2496.1ms)
Completed 200 OK in 2623ms (Views: 2607.6ms | ActiveRecord: 0.0ms)


Started GET "/assets/custom.self-43c2170b3aec4738f8c675925c7defb840df11dc39101eab13ca2c94aad7de32.css?body=1" for ::1 at 2016-03-23 00:19:06 -0400


Started GET "/" for ::1 at 2016-03-23 00:20:23 -0400
Processing by StaticPagesController#home as HTML
  Rendered static_pages/home.html.erb within layouts/application (2187.1ms)
Completed 200 OK in 2311ms (Views: 2298.5ms | ActiveRecord: 0.0ms)


Started GET "/assets/custom.self-6f45c940d20a1373a51a9b58a461f997d05ac9c5bdda43b6c8bdd70b6f9a0ee1.css?body=1" for ::1 at 2016-03-23 00:20:25 -0400


Started GET "/" for ::1 at 2016-03-23 00:21:58 -0400
Processing by StaticPagesController#home as HTML
  Rendered static_pages/home.html.erb within layouts/application (268.3ms)
Completed 200 OK in 380ms (Views: 367.9ms | ActiveRecord: 0.0ms)


Started GET "/" for ::1 at 2016-03-23 00:30:25 -0400
Processing by StaticPagesController#home as HTML
  Rendered static_pages/home.html.erb within layouts/application (2341.9ms)
  Rendered layouts/_shim.html.erb (0.4ms)
  Rendered layouts/_header.html.erb (1.0ms)
  Rendered layouts/_footer.html.erb (0.8ms)
Completed 200 OK in 2556ms (Views: 2539.8ms | ActiveRecord: 0.0ms)


Started GET "/assets/custom.self-951d1edc2de252b67e0e8b2b30c14394ae2e11830ddba0ba490dd91aa6756026.css?body=1" for ::1 at 2016-03-23 00:30:28 -0400


Started GET "/assets/static_pages.self-e3b0c44298fc1c149afbf4c8996fb92427ae41e4649b934ca495991b7852b855.css?body=1" for ::1 at 2016-03-23 00:30:28 -0400


Started GET "/assets/jquery.self-660adc51e0224b731d29f575a6f1ec167ba08ad06ed5deca4f1e8654c135bf4c.js?body=1" for ::1 at 2016-03-23 00:30:28 -0400


Started GET "/" for ::1 at 2016-03-23 00:32:51 -0400
Processing by StaticPagesController#home as HTML
  Rendered static_pages/home.html.erb within layouts/application (1.2ms)
Completed 500 Internal Server Error in 27ms (ActiveRecord: 0.0ms)

SyntaxError (/Users/joannasuchta/Desktop/glanc_app/glanc_app/app/views/static_pages/home.html.erb:12: syntax error, unexpected tIDENTIFIER, expecting ')'
...alt: "Glanc Logo", width: 100px; length: 100px;),
...                               ^
/Users/joannasuchta/Desktop/glanc_app/glanc_app/app/views/static_pages/home.html.erb:12: syntax error, unexpected ':', expecting ')'
...nc Logo", width: 100px; length: 100px;),
...                               ^
/Users/joannasuchta/Desktop/glanc_app/glanc_app/app/views/static_pages/home.html.erb:13: syntax error, unexpected ')', expecting keyword_end
            'www.google.com' );@output_buffer.safe_append='
                              ^):
  app/views/static_pages/home.html.erb:12: syntax error, unexpected tIDENTIFIER, expecting ')'
  app/views/static_pages/home.html.erb:12: syntax error, unexpected ':', expecting ')'
  app/views/static_pages/home.html.erb:13: syntax error, unexpected ')', expecting keyword_end


  Rendered /Users/joannasuchta/.rvm/gems/ruby-2.2.1@global/gems/actionpack-4.2.5.1/lib/action_dispatch/middleware/templates/rescues/_source.erb (8.3ms)
  Rendered /Users/joannasuchta/.rvm/gems/ruby-2.2.1@global/gems/actionpack-4.2.5.1/lib/action_dispatch/middleware/templates/rescues/_trace.html.erb (3.6ms)
  Rendered /Users/joannasuchta/.rvm/gems/ruby-2.2.1@global/gems/actionpack-4.2.5.1/lib/action_dispatch/middleware/templates/rescues/_request_and_response.html.erb (1.1ms)
  Rendered /Users/joannasuchta/.rvm/gems/ruby-2.2.1@global/gems/actionpack-4.2.5.1/lib/action_dispatch/middleware/templates/rescues/diagnostics.html.erb within rescues/layout (94.8ms)
  Rendered /Users/joannasuchta/.rvm/gems/ruby-2.2.1/gems/web-console-2.3.0/lib/web_console/templates/_markup.html.erb (1.0ms)
  Rendered /Users/joannasuchta/.rvm/gems/ruby-2.2.1/gems/web-console-2.3.0/lib/web_console/templates/_inner_console_markup.html.erb within layouts/inlined_string (0.3ms)
  Rendered /Users/joannasuchta/.rvm/gems/ruby-2.2.1/gems/web-console-2.3.0/lib/web_console/templates/_prompt_box_markup.html.erb within layouts/inlined_string (0.4ms)
  Rendered /Users/joannasuchta/.rvm/gems/ruby-2.2.1/gems/web-console-2.3.0/lib/web_console/templates/style.css.erb within layouts/inlined_string (0.4ms)
  Rendered /Users/joannasuchta/.rvm/gems/ruby-2.2.1/gems/web-console-2.3.0/lib/web_console/templates/console.js.erb within layouts/javascript (132.4ms)
  Rendered /Users/joannasuchta/.rvm/gems/ruby-2.2.1/gems/web-console-2.3.0/lib/web_console/templates/main.js.erb within layouts/javascript (0.3ms)
  Rendered /Users/joannasuchta/.rvm/gems/ruby-2.2.1/gems/web-console-2.3.0/lib/web_console/templates/error_page.js.erb within layouts/javascript (0.5ms)
  Rendered /Users/joannasuchta/.rvm/gems/ruby-2.2.1/gems/web-console-2.3.0/lib/web_console/templates/index.html.erb (217.6ms)


Started GET "/" for ::1 at 2016-03-23 00:33:14 -0400
Processing by StaticPagesController#home as HTML
  Rendered static_pages/home.html.erb within layouts/application (292.8ms)
  Rendered layouts/_shim.html.erb (0.6ms)
  Rendered layouts/_header.html.erb (1.1ms)
  Rendered layouts/_footer.html.erb (24.3ms)
Completed 200 OK in 447ms (Views: 433.7ms | ActiveRecord: 0.0ms)


Started GET "/" for ::1 at 2016-03-23 00:34:10 -0400
Processing by StaticPagesController#home as HTML
  Rendered static_pages/home.html.erb within layouts/application (2224.5ms)
  Rendered layouts/_shim.html.erb (0.6ms)
  Rendered layouts/_header.html.erb (1.2ms)
  Rendered layouts/_footer.html.erb (0.7ms)
Completed 200 OK in 2363ms (Views: 2352.8ms | ActiveRecord: 0.0ms)


Started GET "/assets/custom.self-a91e7b79a6fcac7460da87df243f6bf6b78311d16fee9c84bfbddc6e7999e09a.css?body=1" for ::1 at 2016-03-23 00:34:13 -0400


Started GET "/" for ::1 at 2016-03-23 12:57:10 -0400
Processing by StaticPagesController#home as HTML
  Rendered static_pages/home.html.erb within layouts/application (23.5ms)
Completed 500 Internal Server Error in 94ms (ActiveRecord: 0.0ms)

ActionView::Template::Error (undefined local variable or method `signup_path' for #<#<Class:0x007fac7bd631a0>:0x007fac79d157b8>):
     6:     <a href="http://www.google.com">Glanc App</a>
     7:   </h2>
     8: 
     9:   <%= link_to "Sign up now!", signup_path, class: "btn btn-lg btn-primary" %>
    10: </div>
    11: 
    12: <%= link_to image_tag("glanc.png", alt: "Glanc Logo"),
  app/views/static_pages/home.html.erb:9:in `_app_views_static_pages_home_html_erb___2623710304657714273_70189394548120'


  Rendered /Users/joannasuchta/.rvm/gems/ruby-2.2.1@global/gems/actionpack-4.2.5.1/lib/action_dispatch/middleware/templates/rescues/_source.erb (9.2ms)
  Rendered /Users/joannasuchta/.rvm/gems/ruby-2.2.1@global/gems/actionpack-4.2.5.1/lib/action_dispatch/middleware/templates/rescues/_trace.html.erb (5.4ms)
  Rendered /Users/joannasuchta/.rvm/gems/ruby-2.2.1@global/gems/actionpack-4.2.5.1/lib/action_dispatch/middleware/templates/rescues/_request_and_response.html.erb (1.1ms)
  Rendered /Users/joannasuchta/.rvm/gems/ruby-2.2.1@global/gems/actionpack-4.2.5.1/lib/action_dispatch/middleware/templates/rescues/template_error.html.erb within rescues/layout (112.4ms)
  Rendered /Users/joannasuchta/.rvm/gems/ruby-2.2.1/gems/web-console-2.3.0/lib/web_console/templates/_markup.html.erb (0.9ms)
  Rendered /Users/joannasuchta/.rvm/gems/ruby-2.2.1/gems/web-console-2.3.0/lib/web_console/templates/_inner_console_markup.html.erb within layouts/inlined_string (0.4ms)
  Rendered /Users/joannasuchta/.rvm/gems/ruby-2.2.1/gems/web-console-2.3.0/lib/web_console/templates/_prompt_box_markup.html.erb within layouts/inlined_string (0.3ms)
  Rendered /Users/joannasuchta/.rvm/gems/ruby-2.2.1/gems/web-console-2.3.0/lib/web_console/templates/style.css.erb within layouts/inlined_string (0.4ms)
  Rendered /Users/joannasuchta/.rvm/gems/ruby-2.2.1/gems/web-console-2.3.0/lib/web_console/templates/console.js.erb within layouts/javascript (181.7ms)
  Rendered /Users/joannasuchta/.rvm/gems/ruby-2.2.1/gems/web-console-2.3.0/lib/web_console/templates/main.js.erb within layouts/javascript (0.6ms)
  Rendered /Users/joannasuchta/.rvm/gems/ruby-2.2.1/gems/web-console-2.3.0/lib/web_console/templates/error_page.js.erb within layouts/javascript (0.7ms)
  Rendered /Users/joannasuchta/.rvm/gems/ruby-2.2.1/gems/web-console-2.3.0/lib/web_console/templates/index.html.erb (330.9ms)


Started GET "/" for ::1 at 2016-03-23 12:58:29 -0400
Processing by StaticPagesController#home as HTML
  Rendered static_pages/home.html.erb within layouts/application (1005.0ms)
  Rendered layouts/_shim.html.erb (0.8ms)
  Rendered layouts/_header.html.erb (2.7ms)
  Rendered layouts/_footer.html.erb (1.9ms)
Completed 200 OK in 1291ms (Views: 1280.6ms | ActiveRecord: 0.0ms)


Started GET "/assets/users.self-e3b0c44298fc1c149afbf4c8996fb92427ae41e4649b934ca495991b7852b855.css?body=1" for ::1 at 2016-03-23 12:58:31 -0400


Started GET "/assets/users.self-877aef30ae1b040ab8a3aba4e3e309a11d7f2612f44dde450b5c157aa5f95c05.js?body=1" for ::1 at 2016-03-23 12:58:31 -0400


Started GET "/" for ::1 at 2016-03-23 12:58:35 -0400
Processing by StaticPagesController#home as HTML
  Rendered static_pages/home.html.erb within layouts/application (2.3ms)
  Rendered layouts/_shim.html.erb (0.5ms)
  Rendered layouts/_header.html.erb (0.9ms)
  Rendered layouts/_footer.html.erb (0.5ms)
Completed 200 OK in 55ms (Views: 54.6ms | ActiveRecord: 0.0ms)


Started GET "/help" for ::1 at 2016-03-23 12:58:37 -0400
Processing by StaticPagesController#help as HTML
  Rendered static_pages/help.html.erb within layouts/application (0.4ms)
  Rendered layouts/_shim.html.erb (0.0ms)
  Rendered layouts/_header.html.erb (0.3ms)
  Rendered layouts/_footer.html.erb (0.2ms)
Completed 200 OK in 50ms (Views: 49.6ms | ActiveRecord: 0.0ms)


Started GET "/" for ::1 at 2016-03-23 12:58:44 -0400
Processing by StaticPagesController#home as HTML
  Rendered static_pages/home.html.erb within layouts/application (1.2ms)
  Rendered layouts/_shim.html.erb (0.0ms)
  Rendered layouts/_header.html.erb (0.2ms)
  Rendered layouts/_footer.html.erb (0.2ms)
Completed 200 OK in 42ms (Views: 41.7ms | ActiveRecord: 0.0ms)


Started GET "/about" for ::1 at 2016-03-23 12:58:51 -0400
Processing by StaticPagesController#about as HTML
  Rendered static_pages/about.html.erb within layouts/application (0.4ms)
  Rendered layouts/_shim.html.erb (0.1ms)
  Rendered layouts/_header.html.erb (0.3ms)
  Rendered layouts/_footer.html.erb (0.2ms)
Completed 200 OK in 38ms (Views: 37.1ms | ActiveRecord: 0.0ms)


Started GET "/contact" for ::1 at 2016-03-23 12:58:54 -0400
Processing by StaticPagesController#contact as HTML
  Rendered static_pages/contact.html.erb within layouts/application (0.7ms)
  Rendered layouts/_shim.html.erb (0.0ms)
  Rendered layouts/_header.html.erb (0.3ms)
  Rendered layouts/_footer.html.erb (0.1ms)
Completed 200 OK in 69ms (Views: 68.5ms | ActiveRecord: 0.0ms)


Started GET "/www.google.com" for ::1 at 2016-03-23 12:58:55 -0400

ActionController::RoutingError (No route matches [GET] "/www.google.com"):
  actionpack (4.2.5.1) lib/action_dispatch/middleware/debug_exceptions.rb:21:in `call'
  web-console (2.3.0) lib/web_console/middleware.rb:28:in `block in call'
  web-console (2.3.0) lib/web_console/middleware.rb:18:in `catch'
  web-console (2.3.0) lib/web_console/middleware.rb:18:in `call'
  actionpack (4.2.5.1) lib/action_dispatch/middleware/show_exceptions.rb:30:in `call'
  railties (4.2.5.1) lib/rails/rack/logger.rb:38:in `call_app'
  railties (4.2.5.1) lib/rails/rack/logger.rb:20:in `block in call'
  activesupport (4.2.5.1) lib/active_support/tagged_logging.rb:68:in `block in tagged'
  activesupport (4.2.5.1) lib/active_support/tagged_logging.rb:26:in `tagged'
  activesupport (4.2.5.1) lib/active_support/tagged_logging.rb:68:in `tagged'
  railties (4.2.5.1) lib/rails/rack/logger.rb:20:in `call'
  actionpack (4.2.5.1) lib/action_dispatch/middleware/request_id.rb:21:in `call'
  rack (1.6.4) lib/rack/methodoverride.rb:22:in `call'
  rack (1.6.4) lib/rack/runtime.rb:18:in `call'
  activesupport (4.2.5.1) lib/active_support/cache/strategy/local_cache_middleware.rb:28:in `call'
  rack (1.6.4) lib/rack/lock.rb:17:in `call'
  actionpack (4.2.5.1) lib/action_dispatch/middleware/static.rb:116:in `call'
  rack (1.6.4) lib/rack/sendfile.rb:113:in `call'
  railties (4.2.5.1) lib/rails/engine.rb:518:in `call'
  railties (4.2.5.1) lib/rails/application.rb:165:in `call'
  rack (1.6.4) lib/rack/lock.rb:17:in `call'
  rack (1.6.4) lib/rack/content_length.rb:15:in `call'
  rack (1.6.4) lib/rack/handler/webrick.rb:88:in `service'
  /Users/joannasuchta/.rvm/rubies/ruby-2.2.1/lib/ruby/2.2.0/webrick/httpserver.rb:138:in `service'
  /Users/joannasuchta/.rvm/rubies/ruby-2.2.1/lib/ruby/2.2.0/webrick/httpserver.rb:94:in `run'
  /Users/joannasuchta/.rvm/rubies/ruby-2.2.1/lib/ruby/2.2.0/webrick/server.rb:294:in `block in start_thread'


  Rendered /Users/joannasuchta/.rvm/gems/ruby-2.2.1@global/gems/actionpack-4.2.5.1/lib/action_dispatch/middleware/templates/rescues/_trace.html.erb (3.3ms)
  Rendered /Users/joannasuchta/.rvm/gems/ruby-2.2.1@global/gems/actionpack-4.2.5.1/lib/action_dispatch/middleware/templates/routes/_route.html.erb (2.4ms)
  Rendered /Users/joannasuchta/.rvm/gems/ruby-2.2.1@global/gems/actionpack-4.2.5.1/lib/action_dispatch/middleware/templates/routes/_table.html.erb (35.0ms)
  Rendered /Users/joannasuchta/.rvm/gems/ruby-2.2.1@global/gems/actionpack-4.2.5.1/lib/action_dispatch/middleware/templates/rescues/_request_and_response.html.erb (2.6ms)
  Rendered /Users/joannasuchta/.rvm/gems/ruby-2.2.1@global/gems/actionpack-4.2.5.1/lib/action_dispatch/middleware/templates/rescues/routing_error.html.erb within rescues/layout (189.1ms)
  Rendered /Users/joannasuchta/.rvm/gems/ruby-2.2.1/gems/web-console-2.3.0/lib/web_console/templates/_markup.html.erb (0.5ms)
  Rendered /Users/joannasuchta/.rvm/gems/ruby-2.2.1/gems/web-console-2.3.0/lib/web_console/templates/_inner_console_markup.html.erb within layouts/inlined_string (0.4ms)
  Rendered /Users/joannasuchta/.rvm/gems/ruby-2.2.1/gems/web-console-2.3.0/lib/web_console/templates/_prompt_box_markup.html.erb within layouts/inlined_string (0.4ms)
  Rendered /Users/joannasuchta/.rvm/gems/ruby-2.2.1/gems/web-console-2.3.0/lib/web_console/templates/style.css.erb within layouts/inlined_string (0.4ms)
  Rendered /Users/joannasuchta/.rvm/gems/ruby-2.2.1/gems/web-console-2.3.0/lib/web_console/templates/console.js.erb within layouts/javascript (134.8ms)
  Rendered /Users/joannasuchta/.rvm/gems/ruby-2.2.1/gems/web-console-2.3.0/lib/web_console/templates/main.js.erb within layouts/javascript (0.5ms)
  Rendered /Users/joannasuchta/.rvm/gems/ruby-2.2.1/gems/web-console-2.3.0/lib/web_console/templates/error_page.js.erb within layouts/javascript (0.5ms)
  Rendered /Users/joannasuchta/.rvm/gems/ruby-2.2.1/gems/web-console-2.3.0/lib/web_console/templates/index.html.erb (220.7ms)


Started GET "/contact" for ::1 at 2016-03-23 12:59:01 -0400
Processing by StaticPagesController#contact as HTML
  Rendered static_pages/contact.html.erb within layouts/application (0.1ms)
  Rendered layouts/_shim.html.erb (0.1ms)
  Rendered layouts/_header.html.erb (0.5ms)
  Rendered layouts/_footer.html.erb (0.3ms)
Completed 200 OK in 42ms (Views: 41.9ms | ActiveRecord: 0.0ms)


Started GET "/" for ::1 at 2016-03-23 12:59:03 -0400
Processing by StaticPagesController#home as HTML
  Rendered static_pages/home.html.erb within layouts/application (1.3ms)
  Rendered layouts/_shim.html.erb (0.0ms)
  Rendered layouts/_header.html.erb (0.3ms)
  Rendered layouts/_footer.html.erb (0.2ms)
Completed 200 OK in 42ms (Views: 41.9ms | ActiveRecord: 0.0ms)


Started GET "/signup" for ::1 at 2016-03-23 12:59:04 -0400
Processing by UsersController#new as HTML
  Rendered users/new.html.erb within layouts/application (0.7ms)
  Rendered layouts/_shim.html.erb (0.0ms)
  Rendered layouts/_header.html.erb (0.3ms)
  Rendered layouts/_footer.html.erb (0.2ms)
Completed 200 OK in 83ms (Views: 82.3ms | ActiveRecord: 0.0ms)


Started GET "/" for ::1 at 2016-03-23 12:59:08 -0400
Processing by StaticPagesController#home as HTML
  Rendered static_pages/home.html.erb within layouts/application (2.1ms)
  Rendered layouts/_shim.html.erb (0.0ms)
  Rendered layouts/_header.html.erb (0.2ms)
  Rendered layouts/_footer.html.erb (0.2ms)
Completed 200 OK in 53ms (Views: 52.5ms | ActiveRecord: 0.0ms)


Started GET "/" for ::1 at 2016-03-23 18:59:26 -0400
Processing by StaticPagesController#home as HTML
  Rendered static_pages/home.html.erb within layouts/application (1896.0ms)
  Rendered layouts/_shim.html.erb (0.7ms)
  Rendered layouts/_header.html.erb (2.1ms)
  Rendered layouts/_footer.html.erb (1.2ms)
Completed 200 OK in 2314ms (Views: 2290.8ms | ActiveRecord: 0.0ms)


Started GET "/" for ::1 at 2016-03-23 18:59:31 -0400
Processing by StaticPagesController#home as HTML
  Rendered static_pages/home.html.erb within layouts/application (1.8ms)
  Rendered layouts/_shim.html.erb (0.6ms)
  Rendered layouts/_header.html.erb (0.8ms)
  Rendered layouts/_footer.html.erb (1.0ms)
Completed 200 OK in 53ms (Views: 51.9ms | ActiveRecord: 0.0ms)


Started GET "/help" for ::1 at 2016-03-23 18:59:32 -0400
Processing by StaticPagesController#help as HTML
  Rendered static_pages/help.html.erb within layouts/application (1.0ms)
  Rendered layouts/_shim.html.erb (0.0ms)
  Rendered layouts/_header.html.erb (0.6ms)
  Rendered layouts/_footer.html.erb (0.1ms)
Completed 200 OK in 55ms (Views: 54.9ms | ActiveRecord: 0.0ms)


Started GET "/" for ::1 at 2016-03-23 18:59:36 -0400
Processing by StaticPagesController#home as HTML
  Rendered static_pages/home.html.erb within layouts/application (2.2ms)
  Rendered layouts/_shim.html.erb (0.1ms)
  Rendered layouts/_header.html.erb (0.2ms)
  Rendered layouts/_footer.html.erb (0.2ms)
Completed 200 OK in 73ms (Views: 71.7ms | ActiveRecord: 0.0ms)


Started GET "/www.google.com" for ::1 at 2016-03-23 18:59:51 -0400

ActionController::RoutingError (No route matches [GET] "/www.google.com"):
  actionpack (4.2.5.1) lib/action_dispatch/middleware/debug_exceptions.rb:21:in `call'
  web-console (2.3.0) lib/web_console/middleware.rb:28:in `block in call'
  web-console (2.3.0) lib/web_console/middleware.rb:18:in `catch'
  web-console (2.3.0) lib/web_console/middleware.rb:18:in `call'
  actionpack (4.2.5.1) lib/action_dispatch/middleware/show_exceptions.rb:30:in `call'
  railties (4.2.5.1) lib/rails/rack/logger.rb:38:in `call_app'
  railties (4.2.5.1) lib/rails/rack/logger.rb:20:in `block in call'
  activesupport (4.2.5.1) lib/active_support/tagged_logging.rb:68:in `block in tagged'
  activesupport (4.2.5.1) lib/active_support/tagged_logging.rb:26:in `tagged'
  activesupport (4.2.5.1) lib/active_support/tagged_logging.rb:68:in `tagged'
  railties (4.2.5.1) lib/rails/rack/logger.rb:20:in `call'
  actionpack (4.2.5.1) lib/action_dispatch/middleware/request_id.rb:21:in `call'
  rack (1.6.4) lib/rack/methodoverride.rb:22:in `call'
  rack (1.6.4) lib/rack/runtime.rb:18:in `call'
  activesupport (4.2.5.1) lib/active_support/cache/strategy/local_cache_middleware.rb:28:in `call'
  rack (1.6.4) lib/rack/lock.rb:17:in `call'
  actionpack (4.2.5.1) lib/action_dispatch/middleware/static.rb:116:in `call'
  rack (1.6.4) lib/rack/sendfile.rb:113:in `call'
  railties (4.2.5.1) lib/rails/engine.rb:518:in `call'
  railties (4.2.5.1) lib/rails/application.rb:165:in `call'
  rack (1.6.4) lib/rack/lock.rb:17:in `call'
  rack (1.6.4) lib/rack/content_length.rb:15:in `call'
  rack (1.6.4) lib/rack/handler/webrick.rb:88:in `service'
  /Users/joannasuchta/.rvm/rubies/ruby-2.2.1/lib/ruby/2.2.0/webrick/httpserver.rb:138:in `service'
  /Users/joannasuchta/.rvm/rubies/ruby-2.2.1/lib/ruby/2.2.0/webrick/httpserver.rb:94:in `run'
  /Users/joannasuchta/.rvm/rubies/ruby-2.2.1/lib/ruby/2.2.0/webrick/server.rb:294:in `block in start_thread'


  Rendered /Users/joannasuchta/.rvm/gems/ruby-2.2.1@global/gems/actionpack-4.2.5.1/lib/action_dispatch/middleware/templates/rescues/_trace.html.erb (3.4ms)
  Rendered /Users/joannasuchta/.rvm/gems/ruby-2.2.1@global/gems/actionpack-4.2.5.1/lib/action_dispatch/middleware/templates/routes/_route.html.erb (2.1ms)
  Rendered /Users/joannasuchta/.rvm/gems/ruby-2.2.1@global/gems/actionpack-4.2.5.1/lib/action_dispatch/middleware/templates/routes/_table.html.erb (52.4ms)
  Rendered /Users/joannasuchta/.rvm/gems/ruby-2.2.1@global/gems/actionpack-4.2.5.1/lib/action_dispatch/middleware/templates/rescues/_request_and_response.html.erb (2.6ms)
  Rendered /Users/joannasuchta/.rvm/gems/ruby-2.2.1@global/gems/actionpack-4.2.5.1/lib/action_dispatch/middleware/templates/rescues/routing_error.html.erb within rescues/layout (196.9ms)
  Rendered /Users/joannasuchta/.rvm/gems/ruby-2.2.1/gems/web-console-2.3.0/lib/web_console/templates/_markup.html.erb (0.6ms)
  Rendered /Users/joannasuchta/.rvm/gems/ruby-2.2.1/gems/web-console-2.3.0/lib/web_console/templates/_inner_console_markup.html.erb within layouts/inlined_string (0.5ms)
  Rendered /Users/joannasuchta/.rvm/gems/ruby-2.2.1/gems/web-console-2.3.0/lib/web_console/templates/_prompt_box_markup.html.erb within layouts/inlined_string (0.3ms)
  Rendered /Users/joannasuchta/.rvm/gems/ruby-2.2.1/gems/web-console-2.3.0/lib/web_console/templates/style.css.erb within layouts/inlined_string (0.5ms)
  Rendered /Users/joannasuchta/.rvm/gems/ruby-2.2.1/gems/web-console-2.3.0/lib/web_console/templates/console.js.erb within layouts/javascript (135.6ms)
  Rendered /Users/joannasuchta/.rvm/gems/ruby-2.2.1/gems/web-console-2.3.0/lib/web_console/templates/main.js.erb within layouts/javascript (0.4ms)
  Rendered /Users/joannasuchta/.rvm/gems/ruby-2.2.1/gems/web-console-2.3.0/lib/web_console/templates/error_page.js.erb within layouts/javascript (0.8ms)
  Rendered /Users/joannasuchta/.rvm/gems/ruby-2.2.1/gems/web-console-2.3.0/lib/web_console/templates/index.html.erb (229.1ms)
